<?xml version="1.0" encoding="UTF-8"?>
<!-- Generated by org.testng.reporters.JUnitReportReporter -->
<testsuite hostname="Andrews-MacBook-Pro.local" name="com.andrei.test.testcases.LoginPageTest" tests="2" failures="0" timestamp="28 Jun 2018 17:47:34 GMT" time="12.590" errors="0">
  <testcase name="loginTest" time="8.393" classname="com.andrei.test.testcases.LoginPageTest"/>
  <testcase name="loginPageTitleTest" time="4.197" classname="com.andrei.test.testcases.LoginPageTest"/>
</testsuite> <!-- com.andrei.test.testcases.LoginPageTest -->
