<?xml version="1.0" encoding="UTF-8"?>
<!-- Generated by org.testng.reporters.JUnitReportReporter -->
<testsuite hostname="Andrews-MacBook-Pro.local" name="com.andrei.test.testcases.HomePageTest" tests="1" failures="0" timestamp="28 Jun 2018 17:47:34 GMT" time="8.806" errors="0">
  <testcase name="verifyBrowseLinkTest" time="8.806" classname="com.andrei.test.testcases.HomePageTest"/>
</testsuite> <!-- com.andrei.test.testcases.HomePageTest -->
