<?xml version="1.0" encoding="UTF-8"?>
<!-- Generated by org.testng.reporters.JUnitReportReporter -->
<testsuite hostname="Andrews-MacBook-Pro.local" name="com.andrei.test.testcases.LoginPageTest" tests="2" failures="0" timestamp="28 Jun 2018 17:30:40 GMT" time="15.418" errors="0">
  <testcase name="loginTest" time="10.328" classname="com.andrei.test.testcases.LoginPageTest"/>
  <testcase name="loginPageTitleTest" time="5.090" classname="com.andrei.test.testcases.LoginPageTest"/>
</testsuite> <!-- com.andrei.test.testcases.LoginPageTest -->
